[2012-08-26 19-24-18] Create component sign in form  @  http://localhost/IIS/www/?action=in&_fid=zfvc&presenter=Sign
[2012-08-26 19-24-27] Create component sign in form  @  http://localhost/IIS/www/?action=in&_fid=94ur&presenter=Sign
[2012-08-26 19-27-09] Create component sign in form  @  http://localhost/IIS/www/?action=in&_fid=zkpl&presenter=Sign
[2012-08-26 19-29-30] Create component sign in form  @  http://localhost/IIS/www/?action=in&_fid=lrdx&presenter=Sign
[2012-08-26 19-29-40] Create component sign in form  @  http://localhost/IIS/www/?action=in&_fid=py91&presenter=Sign
[2012-08-26 19-30-44] Create component sign in form  @  http://localhost/IIS/www/?action=in&_fid=9owh&presenter=Sign
[2012-08-26 19-30-53] Create component sign in form  @  http://localhost/IIS/www/?action=in&_fid=0wld&presenter=Sign
[2012-08-26 19-32-14] Create component sign in form  @  http://localhost/IIS/www/?action=in&_fid=8hc6&presenter=Sign
[2012-08-26 19-32-23] Create component sign in form  @  http://localhost/IIS/www/?action=in&_fid=nlch&presenter=Sign
[2012-08-26 19-32-51] Create component sign in form  @  http://localhost/IIS/www/?action=in&_fid=jgjx&presenter=Sign
[2012-08-26 19-36-27] Create component sign in form  @  http://localhost/IIS/www/?action=in&_fid=3yvu&presenter=Sign
[2012-08-26 19-36-34] Create component sign in form  @  http://localhost/IIS/www/?action=in&_fid=zv86&presenter=Sign
[2012-08-26 19-38-24] Create component sign in form  @  http://localhost/IIS/www/?action=in&_fid=zv86&presenter=Sign
[2012-08-26 19-38-33] Create component sign in form  @  http://localhost/IIS/www/?action=in&_fid=cw7w&presenter=Sign
[2012-08-26 19-42-12] Create component sign in form  @  http://localhost/IIS/www/?action=in&_fid=mng2&presenter=Sign
[2012-08-26 19-42-33] Create component sign in form  @  http://localhost/IIS/www/?action=in&_fid=xl5u&presenter=Sign
[2012-08-26 19-45-16] Create component sign in form  @  http://localhost/IIS/www/?action=in&_fid=vk0o&presenter=Sign
[2012-08-26 19-52-34] Create component sign in form  @  http://localhost/IIS/www/?action=in&_fid=gf26&presenter=Sign
[2012-08-26 19-52-42] Create component sign in form  @  http://localhost/IIS/www/?action=in&_fid=we08&presenter=Sign
[2012-08-26 21-39-28] Create component sign in form  @  http://localhost/IIS/www/?action=in&_fid=zfad&presenter=Sign
[2012-08-26 21-39-28] KONEC Create component sign in form  @  http://localhost/IIS/www/?action=in&_fid=zfad&presenter=Sign
[2012-08-26 21-48-51] Create component sign in form  @  http://localhost/IIS/www/?action=in&_fid=6hyb&presenter=Sign
[2012-08-26 21-48-57] Create component sign in form  @  http://localhost/IIS/www/?action=in&_fid=bzel&presenter=Sign
[2012-08-26 21-49-02] Create component sign in form  @  http://localhost/IIS/www/?action=in&_fid=7de0&presenter=Sign
[2012-08-26 21-52-08] Create component sign in form  @  http://localhost/IIS/www/?action=in&_fid=1599&presenter=Sign
[2012-08-26 21-52-16] Create component sign in form  @  http://localhost/IIS/www/?action=in&_fid=764h&presenter=Sign
[2012-08-26 21-53-06] Create component sign in form  @  http://localhost/IIS/www/?action=in&_fid=764h&presenter=Sign
[2012-08-26 21-53-20] Create component sign in form  @  http://localhost/IIS/www/?action=in&_fid=764h&presenter=Sign
[2012-08-26 21-53-22] Create component sign in form  @  http://localhost/IIS/www/?action=in&_fid=jjb0&presenter=Sign
[2012-08-26 21-53-24] Create component sign in form  @  http://localhost/IIS/www/?action=in&_fid=b9ds&presenter=Sign
[2012-08-26 21-53-32] Create component sign in form  @  http://localhost/IIS/www/?action=in&_fid=v2v2&presenter=Sign
[2012-08-26 21-55-12] Create component sign in form  @  http://localhost/IIS/www/?action=in&_fid=v2v2&presenter=Sign
[2012-08-26 21-55-19] Create component sign in form  @  http://localhost/IIS/www/?action=in&_fid=hdge&presenter=Sign
[2012-08-26 22-02-59] Create component sign in form  @  http://localhost/IIS/www/?action=in&_fid=p0k4&presenter=Sign
[2012-08-26 22-03-01] Create component sign in form  @  http://localhost/IIS/www/?action=in&_fid=9gzt&presenter=Sign
[2012-08-26 22-03-11] Create component sign in form  @  http://localhost/IIS/www/?action=in&_fid=nw6w&presenter=Sign
[2012-08-26 22-04-27] Create component sign in form  @  http://localhost/IIS/www/?action=in&_fid=rb61&presenter=Sign
[2012-08-26 22-05-03] Create component sign in form  @  http://localhost/IIS/www/?action=in&_fid=rb61&presenter=Sign
[2012-08-26 22-05-04] Create component sign in form  @  http://localhost/IIS/www/?action=in&_fid=3inz&presenter=Sign
[2012-08-26 22-05-11] Create component sign in form  @  http://localhost/IIS/www/?action=in&_fid=tl9f&presenter=Sign
[2012-08-26 22-06-02] Create component sign in form  @  http://localhost/IIS/www/?action=in&_fid=y93t&presenter=Sign
[2012-08-26 22-06-11] Create component sign in form  @  http://localhost/IIS/www/?action=in&_fid=rmpo&presenter=Sign
[2012-08-26 22-06-19] Create component sign in form  @  http://localhost/IIS/www/?action=in&_fid=82wo&presenter=Sign
[2012-08-26 22-07-41] Create component sign in form  @  http://localhost/IIS/www/?action=in&_fid=82wo&presenter=Sign
[2012-08-26 22-07-48] Create component sign in form  @  http://localhost/IIS/www/?action=in&_fid=iwjn&presenter=Sign
[2012-08-26 22-08-23] Create component sign in form  @  http://localhost/IIS/www/?action=in&_fid=oy0h&presenter=Sign
[2012-08-26 22-08-33] Create component sign in form  @  http://localhost/IIS/www/?action=in&_fid=6foe&presenter=Sign
[2012-08-26 22-08-54] Create component sign in form  @  http://localhost/IIS/www/?action=in&_fid=l2n3&presenter=Sign
[2012-08-26 22-09-12] Create component sign in form  @  http://localhost/IIS/www/?action=in&_fid=l2n3&presenter=Sign
[2012-08-26 22-09-19] Create component sign in form  @  http://localhost/IIS/www/?action=in&_fid=bnv7&presenter=Sign
[2012-08-26 22-10-31] Create component sign in form  @  http://localhost/IIS/www/?action=in&_fid=bnv7&presenter=Sign
[2012-08-26 22-10-38] Create component sign in form  @  http://localhost/IIS/www/?action=in&_fid=ocg8&presenter=Sign
[2012-08-26 22-10-54] Create component sign in form  @  http://localhost/IIS/www/?action=in&_fid=hq5j&presenter=Sign
[2012-08-26 22-10-55] Create component sign in form  @  http://localhost/IIS/www/?action=in&_fid=frxd&presenter=Sign
[2012-08-26 22-12-13] Create component sign in form  @  http://localhost/IIS/www/?action=in&_fid=d4io&presenter=Sign
